2025-02-01T00:56:00.791Z 0: 

----------------------------------------------
2025-02-01T00:56:00.804Z 1: Discord starting: {"releaseChannel":"stable","version":"0.0.72"}, modulepath: /home/sire-n1chaulas/.config/discord/0.0.72/modules
2025-02-01T00:56:00.809Z 2: ✅ webContents.created web1 ""
2025-02-01T00:56:00.814Z 3: ✅ window.created win1 "discord"
2025-02-01T00:56:01.424Z 4: ✅ webContents.did-finish-load web1
2025-02-01T00:56:56.461Z 5: ✅ webContents.created web2 ""
2025-02-01T00:56:56.474Z 6: ✅ window.created win2 "Discord"
2025-02-01T00:56:59.439Z 7: ✅ webContents.did-finish-load web2
2025-02-01T00:56:59.541Z 8: window.close win1
2025-02-01T00:56:59.554Z 9: webContents.destroyed web1
2025-02-01T00:56:59.556Z 10: window.closed win1
2025-02-01T00:58:19.696Z 11: window.close win2
2025-02-01T01:08:14.280Z 0: 

----------------------------------------------
2025-02-01T01:08:49.155Z 12: window.close win2
2025-02-03T23:57:32.173Z 0: 

----------------------------------------------
2025-02-03T23:57:32.187Z 1: Discord starting: {"releaseChannel":"stable","version":"0.0.72"}, modulepath: /home/sire-n1chaulas/.config/discord/0.0.72/modules
2025-02-03T23:57:32.196Z 2: ✅ webContents.created web1 ""
2025-02-03T23:57:32.199Z 3: ✅ window.created win1 "discord"
2025-02-03T23:57:32.785Z 4: ✅ webContents.did-finish-load web1
2025-02-03T23:57:32.892Z 5: ✅ webContents.created web2 ""
2025-02-03T23:57:32.897Z 6: ✅ window.created win2 "Discord"
2025-02-03T23:57:37.217Z 7: ✅ webContents.did-finish-load web2
2025-02-03T23:57:37.319Z 8: window.close win1
2025-02-03T23:57:37.494Z 9: webContents.destroyed web1
2025-02-03T23:57:37.498Z 10: window.closed win1
2025-02-04T00:13:15.534Z 11: window.close win2
2025-02-04T00:55:28.160Z 0: 

----------------------------------------------
2025-02-04T00:55:28.169Z 1: Discord starting: {"releaseChannel":"stable","version":"0.0.72"}, modulepath: /home/sire-n1chaulas/.config/discord/0.0.72/modules
2025-02-04T00:56:45.261Z 0: 

----------------------------------------------
2025-02-04T00:56:45.270Z 1: Discord starting: {"releaseChannel":"stable","version":"0.0.72"}, modulepath: /home/sire-n1chaulas/.config/discord/0.0.72/modules
2025-02-04T00:57:17.740Z 12: window.close win2
2025-02-04T00:59:16.615Z 0: 

----------------------------------------------
2025-02-04T00:59:16.627Z 1: Discord starting: {"releaseChannel":"stable","version":"0.0.72"}, modulepath: /home/sire-n1chaulas/.config/discord/0.0.72/modules
2025-02-04T00:59:51.966Z 13: window.close win2
2025-02-04T01:03:44.044Z 0: 

----------------------------------------------
2025-02-04T01:03:44.056Z 1: Discord starting: {"releaseChannel":"stable","version":"0.0.72"}, modulepath: /home/sire-n1chaulas/.config/discord/0.0.72/modules
2025-02-04T03:02:27.134Z 14: window.close win2
2025-02-07T19:24:52.380Z 15: before-quit
2025-02-07T19:24:52.391Z 16: window.close win2
